2022-12-23T08:23:59.896563Z 0 [Warning] TIMESTAMP with implicit DEFAULT value is deprecated. Please use --explicit_defaults_for_timestamp server option (see documentation for more details).
2022-12-23T08:23:59.896563Z 0 [Warning] 'NO_ZERO_DATE', 'NO_ZERO_IN_DATE' and 'ERROR_FOR_DIVISION_BY_ZERO' sql modes should be used with strict mode. They will be merged with strict mode in a future release.
2022-12-23T08:23:59.896563Z 0 [Warning] 'NO_AUTO_CREATE_USER' sql mode was not set.
2022-12-23T08:23:59.896563Z 0 [Warning] Insecure configuration for --secure-file-priv: Current value does not restrict location of generated files. Consider setting it to a valid, non-empty path.
2022-12-23T08:23:59.896563Z 0 [ERROR] Cannot open Windows EventLog; check privileges, or start server with --log_syslog=0
2022-12-23T08:23:59.896563Z 0 [Note] C:\Users\damloup\Desktop\DATABASE\Database\bin\database\mysql-5.7.11\bin\mysqld.exe (mysqld 5.7.11) starting as process 12212 ...
2022-12-23T08:23:59.925852Z 0 [ERROR] Can't open shared library 'C:\Users\damloup\Desktop\DATABASE\Database\bin\database\mysql-5.7.11\lib\plugin\keyring_file.dll' (errno: 126 Le module spécifié est introuvable.)
2022-12-23T08:23:59.925852Z 0 [ERROR] Couldn't load plugin named 'keyring_file' with soname 'keyring_file.dll'.
2022-12-23T08:23:59.925852Z 0 [Note] InnoDB: Mutexes and rw_locks use Windows interlocked functions
2022-12-23T08:23:59.925852Z 0 [Note] InnoDB: Uses event mutexes
2022-12-23T08:23:59.925852Z 0 [Note] InnoDB: Memory barrier is not used
2022-12-23T08:23:59.925852Z 0 [Note] InnoDB: Compressed tables use zlib 1.2.3
2022-12-23T08:23:59.925852Z 0 [Note] InnoDB: Number of pools: 1
2022-12-23T08:23:59.925852Z 0 [Note] InnoDB: Not using CPU crc32 instructions
2022-12-23T08:23:59.959248Z 0 [Note] InnoDB: Initializing buffer pool, total size = 128M, instances = 1, chunk size = 128M
2022-12-23T08:23:59.959248Z 0 [Note] InnoDB: Completed initialization of buffer pool
2022-12-23T08:24:00.006092Z 0 [Note] InnoDB: Highest supported file format is Barracuda.
2022-12-23T08:24:00.045923Z 0 [ERROR] InnoDB: Operating system error number 3 in a file operation.
2022-12-23T08:24:00.045923Z 0 [ERROR] InnoDB: The error means the system cannot find the path specified.
2022-12-23T08:24:00.045923Z 0 [ERROR] InnoDB: If you are installing InnoDB, remember that you must create directories yourself, InnoDB does not create them.
2022-12-23T08:24:00.045923Z 0 [ERROR] InnoDB: Cannot open datafile for read-only: '.\db_gestproj@002dtest\t_acheter.ibd' OS error: 103
2022-12-23T08:24:00.045923Z 0 [ERROR] InnoDB: Could not find a valid tablespace file for `db_gestproj@002dtest/t_acheter`. Please refer to http://dev.mysql.com/doc/refman/5.7/en/innodb-troubleshooting-datadict.html for how to resolve the issue.
2022-12-23T08:24:00.045923Z 0 [Warning] InnoDB: Ignoring tablespace `db_gestproj@002dtest/t_acheter` because it could not be opened.
2022-12-23T08:24:00.045923Z 0 [ERROR] InnoDB: Operating system error number 3 in a file operation.
2022-12-23T08:24:00.045923Z 0 [ERROR] InnoDB: The error means the system cannot find the path specified.
2022-12-23T08:24:00.045923Z 0 [ERROR] InnoDB: If you are installing InnoDB, remember that you must create directories yourself, InnoDB does not create them.
2022-12-23T08:24:00.045923Z 0 [ERROR] InnoDB: Cannot open datafile for read-only: '.\db_gestproj@002dtest\t_client.ibd' OS error: 103
2022-12-23T08:24:00.045923Z 0 [ERROR] InnoDB: Could not find a valid tablespace file for `db_gestproj@002dtest/t_client`. Please refer to http://dev.mysql.com/doc/refman/5.7/en/innodb-troubleshooting-datadict.html for how to resolve the issue.
2022-12-23T08:24:00.045923Z 0 [Warning] InnoDB: Ignoring tablespace `db_gestproj@002dtest/t_client` because it could not be opened.
2022-12-23T08:24:00.045923Z 0 [ERROR] InnoDB: Operating system error number 3 in a file operation.
2022-12-23T08:24:00.045923Z 0 [ERROR] InnoDB: The error means the system cannot find the path specified.
2022-12-23T08:24:00.045923Z 0 [ERROR] InnoDB: If you are installing InnoDB, remember that you must create directories yourself, InnoDB does not create them.
2022-12-23T08:24:00.045923Z 0 [ERROR] InnoDB: Cannot open datafile for read-only: '.\db_gestproj@002dtest\t_smartphone.ibd' OS error: 103
2022-12-23T08:24:00.045923Z 0 [ERROR] InnoDB: Could not find a valid tablespace file for `db_gestproj@002dtest/t_smartphone`. Please refer to http://dev.mysql.com/doc/refman/5.7/en/innodb-troubleshooting-datadict.html for how to resolve the issue.
2022-12-23T08:24:00.045923Z 0 [Warning] InnoDB: Ignoring tablespace `db_gestproj@002dtest/t_smartphone` because it could not be opened.
2022-12-23T08:24:00.053949Z 0 [Note] InnoDB: Creating shared tablespace for temporary tables
2022-12-23T08:24:00.053949Z 0 [Note] InnoDB: Setting file '.\ibtmp1' size to 12 MB. Physically writing the file full; Please wait ...
2022-12-23T08:24:00.066253Z 0 [Note] InnoDB: File '.\ibtmp1' size is now 12 MB.
2022-12-23T08:24:00.066253Z 0 [Note] InnoDB: 96 redo rollback segment(s) found. 96 redo rollback segment(s) are active.
2022-12-23T08:24:00.066253Z 0 [Note] InnoDB: 32 non-redo rollback segment(s) are active.
2022-12-23T08:24:00.066253Z 0 [Note] InnoDB: Waiting for purge to start
2022-12-23T08:24:00.135562Z 0 [Note] InnoDB: 5.7.11 started; log sequence number 1444662
2022-12-23T08:24:00.135562Z 0 [Note] InnoDB: Loading buffer pool(s) from C:\Users\damloup\Desktop\DATABASE\Database\bin\database\mysql-5.7.11\data\ib_buffer_pool
2022-12-23T08:24:00.135562Z 0 [Note] Plugin 'FEDERATED' is disabled.
2022-12-23T08:24:00.142768Z 0 [Note] InnoDB: Buffer pool(s) load completed at 221223  9:24:00
2022-12-23T08:24:00.143741Z 0 [Warning] InnoDB: Cannot open table mysql/plugin from the internal data dictionary of InnoDB though the .frm file for the table exists. Please refer to http://dev.mysql.com/doc/refman/5.7/en/innodb-troubleshooting.html for how to resolve the issue.
mysqld: Table 'mysql.plugin' doesn't exist
2022-12-23T08:24:00.143741Z 0 [ERROR] Can't open the mysql.plugin table. Please run mysql_upgrade to create it.
2022-12-23T08:24:00.149768Z 0 [Warning] InnoDB: Cannot open table mysql/gtid_executed from the internal data dictionary of InnoDB though the .frm file for the table exists. Please refer to http://dev.mysql.com/doc/refman/5.7/en/innodb-troubleshooting.html for how to resolve the issue.
mysqld: Table 'mysql.gtid_executed' doesn't exist
2022-12-23T08:24:00.150741Z 0 [Warning] Gtid table is not ready to be used. Table 'mysql.gtid_executed' cannot be opened.
2022-12-23T08:24:00.151740Z 0 [Warning] Failed to set up SSL because of the following SSL library error: SSL context is not usable without certificate and private key
2022-12-23T08:24:00.152740Z 0 [Note] Server hostname (bind-address): '*'; port: 3306
2022-12-23T08:24:00.153741Z 0 [Note] IPv6 is available.
2022-12-23T08:24:00.153741Z 0 [Note]   - '::' resolves to '::';
2022-12-23T08:24:00.153741Z 0 [Note] Server socket created on IP: '::'.
2022-12-23T08:24:00.157751Z 0 [Warning] InnoDB: Cannot open table mysql/server_cost from the internal data dictionary of InnoDB though the .frm file for the table exists. Please refer to http://dev.mysql.com/doc/refman/5.7/en/innodb-troubleshooting.html for how to resolve the issue.
2022-12-23T08:24:00.158743Z 0 [Warning] Failed to open optimizer cost constant tables

2022-12-23T08:24:00.190592Z 0 [Warning] Found invalid password for user: 'recettes_user@localhost'; Ignoring user
2022-12-23T08:24:00.194609Z 0 [Warning] InnoDB: Cannot open table mysql/time_zone_leap_second from the internal data dictionary of InnoDB though the .frm file for the table exists. Please refer to http://dev.mysql.com/doc/refman/5.7/en/innodb-troubleshooting.html for how to resolve the issue.
2022-12-23T08:24:00.195592Z 0 [Warning] Can't open and lock time zone table: Table 'mysql.time_zone_leap_second' doesn't exist trying to live without them
2022-12-23T08:24:00.206660Z 0 [Warning] InnoDB: Cannot open table mysql/servers from the internal data dictionary of InnoDB though the .frm file for the table exists. Please refer to http://dev.mysql.com/doc/refman/5.7/en/innodb-troubleshooting.html for how to resolve the issue.
2022-12-23T08:24:00.206660Z 0 [ERROR] Can't open and lock privilege tables: Table 'mysql.servers' doesn't exist
2022-12-23T08:24:00.647133Z 0 [Note] Event Scheduler: Loaded 0 events
2022-12-23T08:24:00.647133Z 0 [Note] C:\Users\damloup\Desktop\DATABASE\Database\bin\database\mysql-5.7.11\bin\mysqld.exe: ready for connections.
Version: '5.7.11'  socket: ''  port: 3306  MySQL Community Server (GPL)
2022-12-23T09:19:29.248528Z 2 [ERROR] InnoDB: Table `mysql`.`innodb_table_stats` not found.
2022-12-23T09:19:29.248528Z 2 [ERROR] InnoDB: Fetch of persistent statistics requested for table `db_framework`.`t_user` but the required system tables mysql.innodb_table_stats and mysql.innodb_index_stats are not present or have unexpected structure. Using transient stats instead.
2022-12-23T10:04:06.225342Z 18 [Warning] InnoDB: Cannot open table phpmyadmin/pma__relation from the internal data dictionary of InnoDB though the .frm file for the table exists. Please refer to http://dev.mysql.com/doc/refman/5.7/en/innodb-troubleshooting.html for how to resolve the issue.
2022-12-23T10:04:06.229341Z 18 [Warning] InnoDB: Cannot open table phpmyadmin/pma__table_info from the internal data dictionary of InnoDB though the .frm file for the table exists. Please refer to http://dev.mysql.com/doc/refman/5.7/en/innodb-troubleshooting.html for how to resolve the issue.
2022-12-23T10:04:06.234340Z 18 [Warning] InnoDB: Cannot open table phpmyadmin/pma__table_coords from the internal data dictionary of InnoDB though the .frm file for the table exists. Please refer to http://dev.mysql.com/doc/refman/5.7/en/innodb-troubleshooting.html for how to resolve the issue.
2022-12-23T10:04:06.238312Z 18 [Warning] InnoDB: Cannot open table phpmyadmin/pma__column_info from the internal data dictionary of InnoDB though the .frm file for the table exists. Please refer to http://dev.mysql.com/doc/refman/5.7/en/innodb-troubleshooting.html for how to resolve the issue.
2022-12-23T10:04:06.241457Z 18 [Warning] InnoDB: Cannot open table phpmyadmin/pma__history from the internal data dictionary of InnoDB though the .frm file for the table exists. Please refer to http://dev.mysql.com/doc/refman/5.7/en/innodb-troubleshooting.html for how to resolve the issue.
2022-12-23T10:04:06.244457Z 18 [Warning] InnoDB: Cannot open table phpmyadmin/pma__recent from the internal data dictionary of InnoDB though the .frm file for the table exists. Please refer to http://dev.mysql.com/doc/refman/5.7/en/innodb-troubleshooting.html for how to resolve the issue.
2022-12-23T10:04:06.248466Z 18 [Warning] InnoDB: Cannot open table phpmyadmin/pma__favorite from the internal data dictionary of InnoDB though the .frm file for the table exists. Please refer to http://dev.mysql.com/doc/refman/5.7/en/innodb-troubleshooting.html for how to resolve the issue.
2022-12-23T10:04:06.253458Z 18 [Warning] InnoDB: Cannot open table phpmyadmin/pma__table_uiprefs from the internal data dictionary of InnoDB though the .frm file for the table exists. Please refer to http://dev.mysql.com/doc/refman/5.7/en/innodb-troubleshooting.html for how to resolve the issue.
2022-12-23T10:04:06.256457Z 18 [Warning] InnoDB: Cannot open table phpmyadmin/pma__tracking from the internal data dictionary of InnoDB though the .frm file for the table exists. Please refer to http://dev.mysql.com/doc/refman/5.7/en/innodb-troubleshooting.html for how to resolve the issue.
2022-12-23T10:04:06.260457Z 18 [Warning] InnoDB: Cannot open table phpmyadmin/pma__userconfig from the internal data dictionary of InnoDB though the .frm file for the table exists. Please refer to http://dev.mysql.com/doc/refman/5.7/en/innodb-troubleshooting.html for how to resolve the issue.
2022-12-23T10:04:06.265459Z 18 [Warning] InnoDB: Cannot open table phpmyadmin/pma__bookmark from the internal data dictionary of InnoDB though the .frm file for the table exists. Please refer to http://dev.mysql.com/doc/refman/5.7/en/innodb-troubleshooting.html for how to resolve the issue.
2022-12-23T10:04:06.269457Z 18 [Warning] InnoDB: Cannot open table phpmyadmin/pma__users from the internal data dictionary of InnoDB though the .frm file for the table exists. Please refer to http://dev.mysql.com/doc/refman/5.7/en/innodb-troubleshooting.html for how to resolve the issue.
2022-12-23T10:04:06.273464Z 18 [Warning] InnoDB: Cannot open table phpmyadmin/pma__navigationhiding from the internal data dictionary of InnoDB though the .frm file for the table exists. Please refer to http://dev.mysql.com/doc/refman/5.7/en/innodb-troubleshooting.html for how to resolve the issue.
2022-12-23T10:04:06.277464Z 18 [Warning] InnoDB: Cannot open table phpmyadmin/pma__savedsearches from the internal data dictionary of InnoDB though the .frm file for the table exists. Please refer to http://dev.mysql.com/doc/refman/5.7/en/innodb-troubleshooting.html for how to resolve the issue.
2022-12-23T10:04:06.281468Z 18 [Warning] InnoDB: Cannot open table phpmyadmin/pma__central_columns from the internal data dictionary of InnoDB though the .frm file for the table exists. Please refer to http://dev.mysql.com/doc/refman/5.7/en/innodb-troubleshooting.html for how to resolve the issue.
2022-12-23T10:04:06.285631Z 18 [Warning] InnoDB: Cannot open table phpmyadmin/pma__designer_settings from the internal data dictionary of InnoDB though the .frm file for the table exists. Please refer to http://dev.mysql.com/doc/refman/5.7/en/innodb-troubleshooting.html for how to resolve the issue.
2022-12-23T10:04:06.289631Z 18 [Warning] InnoDB: Cannot open table phpmyadmin/pma__export_templates from the internal data dictionary of InnoDB though the .frm file for the table exists. Please refer to http://dev.mysql.com/doc/refman/5.7/en/innodb-troubleshooting.html for how to resolve the issue.
2022-12-23T10:05:20.278038Z 49 [ERROR] InnoDB: Table `mysql`.`innodb_table_stats` not found.
2022-12-23T10:05:20.279027Z 49 [ERROR] InnoDB: Table `mysql`.`innodb_table_stats` not found.
2022-12-23T10:05:20.283338Z 49 [ERROR] InnoDB: Table `mysql`.`innodb_table_stats` not found.
2022-12-23T10:05:20.283338Z 49 [Warning] InnoDB: Recalculation of persistent statistics requested for table `db_framework`.`t_user` but the required persistent statistics storage is not present or is corrupted. Using transient stats instead.
2022-12-23T10:05:20.285331Z 49 [ERROR] InnoDB: Table `mysql`.`innodb_table_stats` not found.
2022-12-23T10:05:20.285331Z 49 [ERROR] InnoDB: Fetch of persistent statistics requested for table `db_framework`.`t_user` but the required system tables mysql.innodb_table_stats and mysql.innodb_index_stats are not present or have unexpected structure. Using transient stats instead.
2022-12-23T10:06:25.009854Z 0 [ERROR] InnoDB: Table `mysql`.`innodb_table_stats` not found.
2022-12-23T10:06:25.009854Z 0 [Warning] InnoDB: Recalculation of persistent statistics requested for table `db_framework`.`t_user` but the required persistent statistics storage is not present or is corrupted. Using transient stats instead.
2022-12-23T12:18:42.697852Z 0 [Note] InnoDB: page_cleaner: 1000ms intended loop took 2590675ms. The settings might not be optimal. (flushed=0 and evicted=0, during the time.)
2022-12-23T13:10:23.462809Z 0 [Note] InnoDB: page_cleaner: 1000ms intended loop took 490758ms. The settings might not be optimal. (flushed=0 and evicted=0, during the time.)
2022-12-23T15:23:40.331958Z 0 [Note] C:\Users\damloup\Desktop\DATABASE\Database\bin\database\mysql-5.7.11\bin\mysqld.exe: Normal shutdown

2022-12-23T15:23:40.331958Z 0 [Note] Giving 0 client threads a chance to die gracefully
2022-12-23T15:23:40.331958Z 0 [Note] Shutting down slave threads
2022-12-23T15:23:40.331958Z 0 [Note] Forcefully disconnecting 0 remaining clients
2022-12-23T15:23:40.331958Z 0 [Note] Event Scheduler: Purging the queue. 0 events
2022-12-23T15:23:40.331958Z 0 [Note] Binlog end
2022-12-23T15:23:40.331958Z 0 [Note] Shutting down plugin 'ngram'
2022-12-23T15:23:40.331958Z 0 [Note] Shutting down plugin 'partition'
2022-12-23T15:23:40.331958Z 0 [Note] Shutting down plugin 'BLACKHOLE'
2022-12-23T15:23:40.331958Z 0 [Note] Shutting down plugin 'ARCHIVE'
2022-12-23T15:23:40.331958Z 0 [Note] Shutting down plugin 'PERFORMANCE_SCHEMA'
2022-12-23T15:23:40.331958Z 0 [Note] Shutting down plugin 'MRG_MYISAM'
2022-12-23T15:23:40.331958Z 0 [Note] Shutting down plugin 'MyISAM'
2022-12-23T15:23:40.331958Z 0 [Note] Shutting down plugin 'INNODB_SYS_VIRTUAL'
2022-12-23T15:23:40.347579Z 0 [Note] Shutting down plugin 'INNODB_SYS_DATAFILES'
2022-12-23T15:23:40.347579Z 0 [Note] Shutting down plugin 'INNODB_SYS_TABLESPACES'
2022-12-23T15:23:40.347579Z 0 [Note] Shutting down plugin 'INNODB_SYS_FOREIGN_COLS'
2022-12-23T15:23:40.347579Z 0 [Note] Shutting down plugin 'INNODB_SYS_FOREIGN'
2022-12-23T15:23:40.347579Z 0 [Note] Shutting down plugin 'INNODB_SYS_FIELDS'
2022-12-23T15:23:40.347579Z 0 [Note] Shutting down plugin 'INNODB_SYS_COLUMNS'
2022-12-23T15:23:40.347579Z 0 [Note] Shutting down plugin 'INNODB_SYS_INDEXES'
2022-12-23T15:23:40.347579Z 0 [Note] Shutting down plugin 'INNODB_SYS_TABLESTATS'
2022-12-23T15:23:40.347579Z 0 [Note] Shutting down plugin 'INNODB_SYS_TABLES'
2022-12-23T15:23:40.347579Z 0 [Note] Shutting down plugin 'INNODB_FT_INDEX_TABLE'
2022-12-23T15:23:40.347579Z 0 [Note] Shutting down plugin 'INNODB_FT_INDEX_CACHE'
2022-12-23T15:23:40.347579Z 0 [Note] Shutting down plugin 'INNODB_FT_CONFIG'
2022-12-23T15:23:40.347579Z 0 [Note] Shutting down plugin 'INNODB_FT_BEING_DELETED'
2022-12-23T15:23:40.347579Z 0 [Note] Shutting down plugin 'INNODB_FT_DELETED'
2022-12-23T15:23:40.347579Z 0 [Note] Shutting down plugin 'INNODB_FT_DEFAULT_STOPWORD'
2022-12-23T15:23:40.347579Z 0 [Note] Shutting down plugin 'INNODB_METRICS'
2022-12-23T15:23:40.347579Z 0 [Note] Shutting down plugin 'INNODB_TEMP_TABLE_INFO'
2022-12-23T15:23:40.347579Z 0 [Note] Shutting down plugin 'INNODB_BUFFER_POOL_STATS'
2022-12-23T15:23:40.347579Z 0 [Note] Shutting down plugin 'INNODB_BUFFER_PAGE_LRU'
2022-12-23T15:23:40.347579Z 0 [Note] Shutting down plugin 'INNODB_BUFFER_PAGE'
2022-12-23T15:23:40.347579Z 0 [Note] Shutting down plugin 'INNODB_CMP_PER_INDEX_RESET'
2022-12-23T15:23:40.347579Z 0 [Note] Shutting down plugin 'INNODB_CMP_PER_INDEX'
2022-12-23T15:23:40.347579Z 0 [Note] Shutting down plugin 'INNODB_CMPMEM_RESET'
2022-12-23T15:23:40.347579Z 0 [Note] Shutting down plugin 'INNODB_CMPMEM'
2022-12-23T15:23:40.347579Z 0 [Note] Shutting down plugin 'INNODB_CMP_RESET'
2022-12-23T15:23:40.347579Z 0 [Note] Shutting down plugin 'INNODB_CMP'
2022-12-23T15:23:40.347579Z 0 [Note] Shutting down plugin 'INNODB_LOCK_WAITS'
2022-12-23T15:23:40.347579Z 0 [Note] Shutting down plugin 'INNODB_LOCKS'
2022-12-23T15:23:40.347579Z 0 [Note] Shutting down plugin 'INNODB_TRX'
2022-12-23T15:23:40.347579Z 0 [Note] Shutting down plugin 'InnoDB'
2022-12-23T15:23:40.347579Z 0 [Note] InnoDB: FTS optimize thread exiting.
2022-12-23T15:23:40.347579Z 0 [Note] InnoDB: Starting shutdown...
2022-12-23T15:23:40.457996Z 0 [Note] InnoDB: Dumping buffer pool(s) to C:\Users\damloup\Desktop\DATABASE\Database\bin\database\mysql-5.7.11\data\ib_buffer_pool
2022-12-23T15:23:40.461854Z 0 [Note] InnoDB: Buffer pool(s) dump completed at 221223 16:23:40
2022-12-23T15:23:41.589304Z 0 [Note] InnoDB: Shutdown completed; log sequence number 1458490
2022-12-23T15:23:41.590273Z 0 [Note] InnoDB: Removed temporary tablespace data file: "ibtmp1"
2022-12-23T15:23:41.590273Z 0 [Note] Shutting down plugin 'MEMORY'
2022-12-23T15:23:41.590273Z 0 [Note] Shutting down plugin 'CSV'
2022-12-23T15:23:41.590273Z 0 [Note] Shutting down plugin 'sha256_password'
2022-12-23T15:23:41.591299Z 0 [Note] Shutting down plugin 'mysql_native_password'
2022-12-23T15:23:41.591299Z 0 [Note] Shutting down plugin 'binlog'
2022-12-23T15:23:41.594302Z 0 [Note] C:\Users\damloup\Desktop\DATABASE\Database\bin\database\mysql-5.7.11\bin\mysqld.exe: Shutdown complete

